1725029996514	geckodriver	INFO	Listening on 127.0.0.1:57274
1725029999593	mozrunner::runner	INFO	Running command: "C:\\Users\\xka99\\.cache\\selenium\\firefox\\win64\\129.0.2\\firefox.exe" "--marionette" "--remote-debuggin ... ocalhost" "-no-remote" "-profile" "C:\\Users\\xka99\\AppData\\Local\\robocorp\\temp\\4d71576629c6df66\\rust_mozprofileGtpu9p"
console.warn: services.settings: Ignoring preference override of remote settings server
console.warn: services.settings: Allow by setting MOZ_REMOTE_SETTINGS_DEVTOOLS=1 in the environment
Dynamically enable window occlusion 0
1725030000058	Marionette	INFO	Marionette enabled
1725030000376	Marionette	INFO	Listening on port 57282
WebDriver BiDi listening on ws://127.0.0.1:57275
Read port: 57282
1725030000554	RemoteAgent	WARN	TLS certificate errors will be ignored for this session
1725030015372	Marionette	WARN	Ignoring event 'pageshow' because document has an invalid readyState of 'uninitialized'.
JavaScript error: https://www.reuters.com/, line 66: TypeError: googleAdContainer is null
JavaScript warning: https://pagead2.googlesyndication.com/bg/eMxTxvUdi8Spr_Bg1Xew8PuPzYwQ9AaFJ7qain9QBEw.js line 2 > eval line 6696 > eval line 1 > eval line 1 > eval, line 1: WEBGL_debug_renderer_info is deprecated in Firefox and will be removed. Please use RENDERER.
1725030030900	addons.xpi	ERROR	System addon update list error SyntaxError: XMLHttpRequest.open: 'http://%(server)s/dummy-system-addons.xml' is not a valid URL.
JavaScript warning: https://606e721477be29c94b677d20a537d164.safeframe.googlesyndication.com/safeframe/1-0-40/html/container.html line 18 > injectedScript, line 20: Script terminated by timeout at:
_0x2238@https://606e721477be29c94b677d20a537d164.safeframe.googlesyndication.com/safeframe/1-0-40/html/container.html line 18 > injectedScript:20:9946
_0x3eb3ca@https://606e721477be29c94b677d20a537d164.safeframe.googlesyndication.com/safeframe/1-0-40/html/container.html line 18 > injectedScript:20:24617

JavaScript warning: https://imasdk.googleapis.com/js/core/bridge3.663.0_en.html#goog_1634877332, line 453: Script terminated by timeout at:
OB@https://imasdk.googleapis.com/js/core/bridge3.663.0_en.html#goog_1634877332:453:275
RB/this.aa@https://imasdk.googleapis.com/js/core/bridge3.663.0_en.html#goog_1634877332:450:342

JavaScript error: , line 0: TypeError: NetworkError when attempting to fetch resource.
JavaScript warning: https://ads.pubmatic.com/AdServer/js/user_sync.html?p=158111&userIdMacro=(PM_UID)&gdpr=&gdpr_consent=&predirect=https%3A%2F%2Fssp.api.tappx.com%2Fcs%2Fusync%3Fidmn%3D76%26type%3Diframe%26id%3D%28PM_UID%29%26auxuid%3D, line 1: Script terminated by timeout at:
F@https://ads.pubmatic.com/AdServer/js/user_sync.html?p=158111&userIdMacro=(PM_UID)&gdpr=&gdpr_consent=&predirect=https%3A%2F%2Fssp.api.tappx.com%2Fcs%2Fusync%3Fidmn%3D76%26type%3Diframe%26id%3D%28PM_UID%29%26auxuid%3D:1:9576
q@https://ads.pubmatic.com/AdServer/js/user_sync.html?p=158111&userIdMacro=(PM_UID)&gdpr=&gdpr_consent=&predirect=https%3A%2F%2Fssp.api.tappx.com%2Fcs%2Fusync%3Fidmn%3D76%26type%3Diframe%26id%3D%28PM_UID%29%26auxuid%3D:1:9748
J@https://ads.pubmatic.com/AdServer/js/user_sync.html?p=158111&userIdMacro=(PM_UID)&gdpr=&gdpr_consent=&predirect=https%3A%2F%2Fssp.api.tappx.com%2Fcs%2Fusync%3Fidmn%3D76%26type%3Diframe%26id%3D%28PM_UID%29%26auxuid%3D:1:14129
x@https://ads.pubmatic.com/AdServer/js/user_sync.html?p=158111&userIdMacro=(PM_UID)&gdpr=&gdpr_consent=&predirect=https%3A%2F%2Fssp.api.tappx.com%2Fcs%2Fusync%3Fidmn%3D76%26type%3Diframe%26id%3D%28PM_UID%29%26auxuid%3D:1:10976

JavaScript warning: https://pagead2.googlesyndication.com/bg/eMxTxvUdi8Spr_Bg1Xew8PuPzYwQ9AaFJ7qain9QBEw.js line 2 > eval line 7256 > eval line 1 > eval line 1 > eval, line 1: WEBGL_debug_renderer_info is deprecated in Firefox and will be removed. Please use RENDERER.
JavaScript warning: https://pagead2.googlesyndication.com/bg/eMxTxvUdi8Spr_Bg1Xew8PuPzYwQ9AaFJ7qain9QBEw.js line 2 > eval line 6325 > eval line 1 > eval line 1 > eval, line 1: WEBGL_debug_renderer_info is deprecated in Firefox and will be removed. Please use RENDERER.
